https://blog.csdn.net/qiuchunhuige/article/details/%e5%b7%a5%e5%85%b7%e5%8c%85----404
https://blog.csdn.net/qiuchunhuige/article/details/asdasd.index.php?a=1&1=1----480
https://blog.csdn.net/qiuchunhuige/article/details/%25%26%3d%23----404
http://0-110.com/!admin!/0.rar----200
http://0-9kiss.com/!admin!/0.rar----200
http://0-me.eu/!admin!/0.rar----200
http://000-000.net/!admin!/0.rar----200
http://0-me.eu/!admin!/0.rar----200
http://000-000.net/!admin!/0.rar----200
http://00078.info/!admin!/0.rar----200
http://00090.info/!admin!/0.rar----200
http://000teens.com/!admin!/0.rar----200
http://000web.com/!admin!/0.rar----200
http://0-9kiss.com/!admin!/0.rar----200
http://0-110.com/!admin!/0.rar----200
http://0-me.eu/!admin!/0.rar----200
http://0-110.com/!admin!/0.rar----200
http://0-9kiss.com/!admin!/0.rar----200
http://0-me.eu/!admin!/0.rar----200
http://000-000.net/!admin!/0.rar----200
http://00078.info/!admin!/0.rar----200
http://00090.info/!admin!/0.rar----200
http://000teens.com/!admin!/0.rar----200
http://000web.com/!admin!/0.rar----200
http://0086tel.com/!admin!/0.rar----200
http://00bp.com/!admin!/0.rar----200
http://00hosting.com/!admin!/0.rar----200
http://0120242448.com/!admin!/0.rar----200
http://012345678910.org/!admin!/0.rar----200
http://01335.info/!admin!/0.rar----200
http://01386.com/!admin!/0.rar----200
http://01388.info/!admin!/0.rar----200
http://01454.info/!admin!/0.rar----200
http://0-110.com/!admin!/0.rar----200
