https://www.baidu.com/cgi-bin/mojo/mojo.cgi----302
https://www.baidu.com/cgi-bin/./test.cgi----302
https://www.baidu.com/ccbil/cgibin/ibp/search.cgi----302
https://www.baidu.com/serer/_zzz/perl.cgi----302
https://www.baidu.com/cgi-bin/bnbform.cgi----302
https://www.baidu.com/cgi/public.cgi----302
https://www.baidu.com/cgi-bin/finger.cgi----302
https://www.baidu.com/bin/replicator/webpage.cgi----302
https://www.baidu.com/_zzz/perl.cgi----302
https://www.baidu.com/memberpro/cgi-bin/test.cgi----302
https://www.baidu.com/autogallery.cgi----302
https://www.baidu.com/bin/loadpage.cgi----302
https://www.baidu.com/epoch/cgi-bin/test.cgi----302
https://www.baidu.com/scripts/test.cgi----302
https://www.baidu.com/cgi-win/Count.cgi----302
https://www.baidu.com/cgi-bin/CSSearch/CSSearch.cgi----302
https://www.baidu.com/cgi-bin/add-passwd.cgi----302
https://www.baidu.com/cgi-bin/netauth.cgi----302
https://www.baidu.com/.hallenge/5.cgi----302
https://www.baidu.com/cgi-bin/classified.cgi----302
https://www.baidu.com/cgi-bin/dcforum/install_help.cgi----302
https://www.baidu.com/ez2000/ezadmin.cgi----302
https://www.baidu.com/cgi-win/test.cgi----302
https://www.baidu.com/cgi/news/news.cgi----302
https://www.baidu.com/cgi-bin/urlcount.cgi----302
https://www.baidu.com/bizdb1-search.cgi----302
https://www.baidu.com/cgi/lasso.cgi----302
https://www.baidu.com/logout.cgi----302
https://www.baidu.com/%7ecgi-bin/authorizenet.cgi----302
https://www.baidu.com/cgi/ultraboard.cgi----302
https://www.baidu.com/members/users/cgi-bin/test.cgi----302
https://www.baidu.com/cgi-bin/mailfile.cgi----302
https://www.baidu.com/cgi/dcadmin.cgi----302
https://www.baidu.com/james_060/htmledit/fckeditor/editor/filemanager/connectors/perl/upload.cgi----302
https://www.baidu.com/cgi-win/auth.cgi----302
https://www.baidu.com/login.cgi----302
https://www.baidu.com/bin/ikonboard/help.cgi----302
https://www.baidu.com/cgi-bin/redirect.cgi----302
https://www.baidu.com/editor/filemanager/browser/default/connectors/perl/connector.cgi----302
https://www.baidu.com/scripts/ultraboard.cgi----302
https://www.baidu.com/process_bug.cgi----302
https://www.baidu.com/cgi-bin/web_store/web_store.cgi----302
https://www.baidu.com/cgi-bin/everythingform.cgi----302
https://www.baidu.com/scripts/bnbform.cgi----302
https://www.baidu.com/bot/ballance.cgi----302
https://www.baidu.com/counter/fuck.cgi----302
https://www.baidu.com/download.cgi----302
https://www.baidu.com/userscenter/txx/xinyi/fckeditor/editor/filemanager/connectors/perl/upload.cgi----302
https://www.baidu.com/clubjoey/cgi-bin/test.cgi----302
https://www.baidu.com/SystemLogin.cgi----302
https://www.baidu.com/bot/config.cgi----302
https://www.baidu.com/bin/wrap.cgi----302
https://www.baidu.com/cgi-bin/count.cgi----302
https://www.baidu.com/cgi/xrun.cgi----302
https://www.baidu.com/club/cgi-bin/test.cgi----302
https://www.baidu.com/cgi-bin/lasso.cgi----302
https://www.baidu.com/cgi-bin/postings.cgi----302
https://www.baidu.com/cgi-bin/authorizenet.cgi----302
https://www.baidu.com/scripts/process_bug.cgi----302
https://www.baidu.com/scripts/bigconf.cgi----302
https://www.baidu.com/scripts/cachemgr.cgi----302
https://www.baidu.com/setup.cgi----302
https://www.baidu.com/members/ccbill/ccbill-local.cgi----302
https://www.baidu.com/bot/ebs_sub3.cgi----302
https://www.baidu.com/password.cgi----302
https://www.baidu.com/cangku.cgi----302
https://www.baidu.com/mailview.cgi----302
https://www.baidu.com/cgi-bin/form.cgi----302
https://www.baidu.com/bot/ebadministrator.cgi----302
https://www.baidu.com/delete.cgi----302
https://www.baidu.com/cgi-bin/nph-test.cgi----302
https://www.baidu.com/webdist.cgi----302
https://www.baidu.com/.hallenge/4.cgi----302
https://www.baidu.com/cgi/perlshop.cgi----302
https://www.baidu.com/chat.cgi----302
https://www.baidu.com/cgi/%7eauth.cgi----302
https://www.baidu.com/cgi-bin/coco.cgi----302
https://www.baidu.com/bin/cachemgr.cgi----302
https://www.baidu.com/scripts/finger.cgi----302
https://www.baidu.com/bin/webdata.cgi----302
https://www.baidu.com/default.cgi----302
https://www.baidu.com/cgi-bin/forums/dcboard.cgi----302
https://www.baidu.com/.hallenge/3.cgi----302
https://www.baidu.com/admin/fckeditor/editor/filemanager/connectors/perl/upload.cgi----302
https://www.baidu.com/dodo/cgi-bin/update_profile.cgi----302
https://www.baidu.com/technote/technote/print.cgi----302
https://www.baidu.com/addday/cgi-bin/addday.cgi----302
https://www.baidu.com/bugzilla/reports.cgi----302
https://www.baidu.com/scripts/environ.cgi----302
https://www.baidu.com/cgi-bin/gm.cgi----302
https://www.baidu.com/cgi-bin/nlog-smb.cgi----302
https://www.baidu.com/scripts/hitview.cgi----302
https://www.baidu.com/bin/netauth.cgi----302
https://www.baidu.com/htgrep.cgi----302
https://www.baidu.com/new_chara.cgi----302
https://www.baidu.com/ballance.cgi----302
https://www.baidu.com/main.cgi----302
https://www.baidu.com/cgi-bin/ws_mail.cgi----302
https://www.baidu.com/contest.cgi----302
https://www.baidu.com/cgi/commerce.cgi----302
https://www.baidu.com/cgi-bin/cached_feed.cgi----302
https://www.baidu.com/cgi/simplestguest.cgi----302
https://www.baidu.com/cgi-bin/CSNews.cgi----302
https://www.baidu.com/0.cgi----302
https://www.baidu.com/cgi-bin/pagelog.cgi----302
https://www.baidu.com/cgi-bin/bbs/register.cgi----302
https://www.baidu.com/cgi-bin/news.cgi----302
https://www.baidu.com/cgi-bin/%257Eauth.cgi----302
https://www.baidu.com/linemess.cgi----302
https://www.baidu.com/ebs.cgi----302
https://www.baidu.com/scripts/form.cgi----302
https://www.baidu.com/bin/hsx.cgi----302
https://www.baidu.com/cgi-bin/dcboard.cgi----302
https://www.baidu.com/scripts/clients.cgi----302
https://www.baidu.com/scripts/dig.cgi----302
https://www.baidu.com/cgi/show.cgi----302
https://www.baidu.com/ote2000/cjyh.cgi----302
https://www.baidu.com/.hallenge/2.cgi----302
https://www.baidu.com/marines/cgi-bin/test.cgi----302
https://www.baidu.com/bin/.cobalt/siteusermod/siteusermod.cgi----302
https://www.baidu.com/perl.cgi----302
https://www.baidu.com/AdminLogin.cgi----302
https://www.baidu.com/cgi/pfdisplay.cgi----302
https://www.baidu.com/manage/fckeditor/editor/filemanager/connectors/perl/connector.cgi----302
https://www.baidu.com/cgi-bin/webnews.cgi----302
https://www.baidu.com/cgi-bin/filemail.cgi----302
https://www.baidu.com/cgi/simplestmail.cgi----302
https://www.baidu.com/cgi/build.cgi----302
https://www.baidu.com/mmstdod.cgi----302
https://www.baidu.com/cgi-bin/debug.cgi----302
https://www.baidu.com/wwwboard/wwwadmin.cgi----302
https://www.baidu.com/bin/infosrch.cgi----302
https://www.baidu.com/scripts/whois_raw.cgi----302
https://www.baidu.com/cgi-bin/allmanage.cgi----302
https://www.baidu.com/cgi-bin/ax.cgi----302
https://www.baidu.com/ebs_sub2.cgi----302
https://www.baidu.com/ads/admin.cgi----302
https://www.baidu.com/cgi-bin/add_ftp.cgi----302
https://www.baidu.com/cgi-bin/mailnews.cgi----302
https://www.baidu.com/ez2000/ezman.cgi----302
https://www.baidu.com/manager.cgi----302
https://www.baidu.com/cgi-bin/classifieds.cgi----302
https://www.baidu.com/cgi/webspirs.cgi----302
https://www.baidu.com/1.cgi----302
https://www.baidu.com/cgi-bin/am/codes/cgi-bin/test.cgi----302
https://www.baidu.com/cgi-bin/meter.cgi----302
https://www.baidu.com/bot/ebs_sub2.cgi----302
https://www.baidu.com/htmlarea/plugins/spellchecker/spell-check-logic.cgi----302
https://www.baidu.com/cgi-bin/bbs_forum.cgi----302
https://www.baidu.com/ebs_sub3.cgi----302
https://www.baidu.com/cgi-bin/forumdisplay.cgi----302
https://www.baidu.com/cgi/chat.cgi----302
https://www.baidu.com/cgi/add_user.cgi----302
https://www.baidu.com/deep/cgi-bin/test.cgi----302
https://www.baidu.com/send.cgi----302
https://www.baidu.com/cgi-bin/w3mail/login.cgi----302
https://www.baidu.com/cgi-win/%257Eauth.cgi----302
https://www.baidu.com/bin/day5datanotifier.cgi----302
https://www.baidu.com/cgi-bin/talkback.cgi----302
https://www.baidu.com/%7eauthorizenet.cgi----302
https://www.baidu.com/cgi-bin/getdoc.cgi----302
https://www.baidu.com/cart.cgi----302
https://www.baidu.com/cgi/phf.cgi----302
https://www.baidu.com/cgi/changepw.cgi----302
https://www.baidu.com/bot/ebs_sub1.cgi----302
https://www.baidu.com/cgi/bizdb1-search.cgi----302
https://www.baidu.com/data/cgi-bin/test.cgi----302
https://www.baidu.com/manager/fckeditor/editor/filemanager/connectors/perl/connector.cgi----302
https://www.baidu.com/bin/simplestguest.cgi----302
https://www.baidu.com/cgi/loadpage.cgi----302
https://www.baidu.com/gh345dfg/cgi-bin/test.cgi----302
https://www.baidu.com/cgi-bin/bbs/bbs_forum.cgi----302
https://www.baidu.com/apexec.cgi----302
https://www.baidu.com/cgi-win/pfdisplay.cgi----302
https://www.baidu.com/cgi-bin/addday/cgi-bin/passwd.cgi----302
https://www.baidu.com/cgi-bin/ncbook/book.cgi----302
https://www.baidu.com/main/ccbill/ccbill-local.cgi----302
https://www.baidu.com/cgi-bin/admin/setup.cgi----302
https://www.baidu.com/cgi/ad.cgi----302
https://www.baidu.com/.hallenge/1.cgi----302
https://www.baidu.com/bot/ebs.cgi----302
https://www.baidu.com/cgi/webdist.cgi----302
https://www.baidu.com/scripts/postie.cgi----302
https://www.baidu.com/run.cgi----302
https://www.baidu.com/passwd.cgi----302
https://www.baidu.com/cjyh.cgi----302
https://www.baidu.com/cgi-bin/pfdisplay.cgi----302
https://www.baidu.com/bin/responder.cgi----302
https://www.baidu.com/cgi-bin/passwd.cgi----302
https://www.baidu.com/file_upload/serer/_zzz/perl.cgi----302
https://www.baidu.com/cgi-bin/cachemgr.cgi----302
https://www.baidu.com/members/protected/cgi-bin/test.cgi----302
https://www.baidu.com/status.cgi----302
https://www.baidu.com/autogallerypro.cgi----302
https://www.baidu.com/classifieds.cgi----302
https://www.baidu.com/cgi/.cobalt/siteusermod/siteusermod.cgi----302
https://www.baidu.com/i-index.cgi----302
https://www.baidu.com/cgi-bin/php.cgi----302
https://www.baidu.com/js/fckeditor/editor/filemanager/connectors/perl/upload.cgi----302
https://www.baidu.com/cgi-bin/xrun.cgi----302
https://www.baidu.com/protected/cgi-bin/test.cgi----302
https://www.baidu.com/bin/classifieds.cgi----302
https://www.baidu.com/cgi-bin/global.cgi----302
https://www.baidu.com/chatgg.cgi----302
https://www.baidu.com/cvsweb.cgi----302
https://www.baidu.com/tools/editer/fck/editor/filemanager/connectors/perl/connector.cgi----302
https://www.baidu.com/manager/fckeditor/editor/filemanager/connectors/perl/upload.cgi----302
https://www.baidu.com/cgi-bin/dfire.cgi----302
https://www.baidu.com/ebs_sub1.cgi----302
https://www.baidu.com/partner.cgi----302
https://www.baidu.com/exit.cgi----302
https://www.baidu.com/ibp/search.cgi----302
https://www.baidu.com/scripts/classified.cgi----302
https://www.baidu.com/cgi-bin/.cobalt/siteUserMod.cgi----302
https://www.baidu.com/yousiteadmin/fckeditor/editor/filemanager/connectors/perl/connector.cgi----302
https://www.baidu.com/cgi-bin/dcshop.cgi----302
https://www.baidu.com/bin/phf.cgi----302
https://www.baidu.com/scripts/search.cgi----302
https://www.baidu.com/upgrade/autogallerypro.cgi----302
https://www.baidu.com/tools/editer/fck/editor/filemanager/connectors/perl/upload.cgi----302
https://www.baidu.com/scripts/webbbs.cgi----200
https://www.baidu.com/eden/cgi-bin/test.cgi----302
https://www.baidu.com/logpass.cgi----302
https://www.baidu.com/ccbill/secure/cgi-bin/test.cgi----302
https://www.baidu.com/submit.cgi----301
https://www.baidu.com/bin/count.cgi----302
https://www.baidu.com/shortnotizeroeriew.cgi----302
https://www.baidu.com/cgi-bin/ote2000/ote.cgi----302
https://www.baidu.com/gateway/cgi-bin/test.cgi----302
https://www.baidu.com/ats/logs/cgi-bin/test.cgi----302
https://www.baidu.com/cgi-bin/setup.cgi----302
https://www.baidu.com/cgi-bin/test.cgi----302
https://www.baidu.com/bin/global.cgi----302
https://www.baidu.com/cgi-bin/login.cgi----302
https://www.baidu.com/bot/bukiko.cgi----302
https://www.baidu.com/bin/mailfile.cgi----302
https://www.baidu.com/bin/environ.cgi----302
https://www.baidu.com/cgi-bin/bigconf.cgi----302
https://www.baidu.com/ccbill/members/cgi-bin/test.cgi----302
https://www.baidu.com/cgi/cvsweb.cgi----302
https://www.baidu.com/bin/mailnews.cgi----302
https://www.baidu.com/cgi/survey.cgi----302
https://www.baidu.com/command.cgi----302
https://www.baidu.com/netauth.cgi----302
https://www.baidu.com/cgi/bbs_forum.cgi----302
https://www.baidu.com/cgi-bin/makebook.cgi----302
https://www.baidu.com/cgi-bin/formhandler.cgi----302
https://www.baidu.com/bin/register.cgi----302
https://www.baidu.com/scripts/add_ftp.cgi----302
https://www.baidu.com/photoads/cgi-bin/env.cgi----302
https://www.baidu.com/script.cgi----302
https://www.baidu.com/cgi/php.cgi----302
https://www.baidu.com/access/cgi-bin/test.cgi----302
https://www.baidu.com/cgi/ikonboard/help.cgi----302
https://www.baidu.com/cgi-bin/counter/count.cgi----302
https://www.baidu.com/.hallenge/0.cgi----302
https://www.baidu.com/igate/search.cgi----302
https://www.baidu.com/cgi-bin/lastlines.cgi----302
https://www.baidu.com/bin/at-admin.cgi----302
https://www.baidu.com/cgi-bin/dcadmin.cgi----302
https://www.baidu.com/cgi-bin/search.cgi----302
https://www.baidu.com/scripts/admin.cgi----302
https://www.baidu.com/bin/cached_feed.cgi----302
https://www.baidu.com/cgi-bin/wrap.cgi----302
https://www.baidu.com/cgi-bin/upload.cgi----302
https://www.baidu.com/bin/dcadmin.cgi----302
https://www.baidu.com/bin/bizdb1-search.cgi----302
https://www.baidu.com/history.cgi----302
https://www.baidu.com/cgi-bin/lwgate.cgi----302
https://www.baidu.com/ote2000/setup.cgi----302
https://www.baidu.com/pfdisplay.cgi----302
https://www.baidu.com/admin/js/fckeditor/editor/filemanager/connectors/perl/connector.cgi----302
https://www.baidu.com/adminedit.cgi----302
https://www.baidu.com/cgi-bin/flexform.cgi----302
https://www.baidu.com/cgi-bin/counter/fuck.cgi----302
https://www.baidu.com/cgi-win/AT-admin.cgi----302
https://www.baidu.com/scripts/lookwho.cgi----302
https://www.baidu.com/cgi-bin/infosrch.cgi----302
https://www.baidu.com/cgi-bin/shop.cgi----302
https://www.baidu.com/cgi-bin/at-generate.cgi----302
https://www.baidu.com/cgi-bin/download.cgi----302
https://www.baidu.com/cgi-win/survey.cgi----302
https://www.baidu.com/xxyy/cgi-bin/test.cgi----302
https://www.baidu.com/cgi-bin/day5datanotifier.cgi----302
https://www.baidu.com/cgi-bin/daydatanotifier.cgi----302
https://www.baidu.com/guestbook.cgi----302
https://www.baidu.com/shortnotizerreport.cgi----302
https://www.baidu.com/bin/redirect.cgi----302
https://www.baidu.com/cgi/admin.cgi----302
https://www.baidu.com/cgi/environ.cgi----302
https://www.baidu.com/cgi-bin/mailto.cgi----302
https://www.baidu.com/filemanager/browser/default/connectors/perl/connector.cgi----302
https://www.baidu.com/scripts/architext_query.cgi----302
https://www.baidu.com/install/install.cgi----302
https://www.baidu.com/upgrade/autogallery.cgi----302
https://www.baidu.com/bot/ebs_sub7.cgi----302
https://www.baidu.com/bin/ad.cgi----200
https://www.baidu.com/scripts/spin_client.cgi----302
https://www.baidu.com/admin/fckeditor/editor/filemanager/browser/default/connectors/perl/connector.cgi----302
https://www.baidu.com/ebs_sub6.cgi----302
https://www.baidu.com/test/test.cgi----302
https://www.baidu.com/cgi-bin/boozt/admin/index.cgi----302
https://www.baidu.com/cgi-bin/enter.cgi----302
https://www.baidu.com/protectit/cgi-bin/test.cgi----302
https://www.baidu.com/cgi-bin/ads.cgi----302
https://www.baidu.com/testno404page.cgi----302
https://www.baidu.com/scripts/users.cgi----302
https://www.baidu.com/cgi-bin/cvsweb.cgi----302
https://www.baidu.com/scripts/guestbook.cgi----302
https://www.baidu.com/count.cgi----302
https://www.baidu.com/cgi-bin/clickcount/clickcount.cgi----302
https://www.baidu.com/cgi-auth/userreg.cgi----302
https://www.baidu.com/pics/cgi-bin/test.cgi----302
https://www.baidu.com/webcash/cgi-bin/test.cgi----302
https://www.baidu.com/cgi-bin/guestbook/guestbook.cgi----302
https://www.baidu.com/loghtml.cgi----302
https://www.baidu.com/bin/ezshopper2/loadpage.cgi----302
https://www.baidu.com/pass.cgi----302
https://www.baidu.com/scripts/sojourn.cgi----302
https://www.baidu.com/adult/members/cgi-bin/test.cgi----302
https://www.baidu.com/cgi-bin/ttawebtop.cgi----302
https://www.baidu.com/ebs_sub7.cgi----302
https://www.baidu.com/scripts/log-reader.cgi----302
https://www.baidu.com/cgi-bin/ote2000/setup.cgi----302
https://www.baidu.com/ubb/cgi-bin/postings.cgi----302
https://www.baidu.com/cgi/hsx.cgi----302
https://www.baidu.com/ccbill-local.cgi----302
https://www.baidu.com/casino.cgi----302
https://www.baidu.com/editor/htmlarea/examples/test.cgi----302
https://www.baidu.com/guestbook/dcguest.cgi----302
https://www.baidu.com/cgi-bin/search/search.cgi----302
https://www.baidu.com/cgi/wrap.cgi----302
https://www.baidu.com/i-status.cgi----302
https://www.baidu.com/clickcount.cgi----302
https://www.baidu.com/cgi/classifieds.cgi----302
https://www.baidu.com/cgi-bin/status.cgi----302
https://www.baidu.com/cgi/mailnews.cgi----302
https://www.baidu.com/cgi-bin/counter/coco.cgi----302
https://www.baidu.com/ote/select.cgi----302
https://www.baidu.com/cgi-bin/anyform.cgi----302
https://www.baidu.com/addday/cgi-bin/setup.cgi----302
https://www.baidu.com/scripts/tigvote.cgi----302
https://www.baidu.com/cgi-bin/traffic.cgi----302
https://www.baidu.com/3.cgi----302
https://www.baidu.com/mtc/search.cgi----302
https://www.baidu.com/cgi/redirect.cgi----302
https://www.baidu.com/ibill/mastergate/search.cgi----302
https://www.baidu.com/auth/cgi-bin/test.cgi----302
https://www.baidu.com/members/cgi-bin/meter/meter.cgi----302
https://www.baidu.com/cgi-bin/loadpage.cgi----302
https://www.baidu.com/cgi-bin/admin.cgi----302
https://www.baidu.com/cgi-bin/mtc/search.cgi----302
https://www.baidu.com/gbook.cgi----302
https://www.baidu.com/cgi-bin/day5datacopier.cgi----302
https://www.baidu.com/cgi-bin/register.cgi----302
https://www.baidu.com/cgi-win/php.cgi----302
https://www.baidu.com/AT-admin.cgi----302
https://www.baidu.com/logline.cgi----302
https://www.baidu.com/configure.cgi----302
https://www.baidu.com/netbilling/cgi-bin/test.cgi----302
https://www.baidu.com/garden/cgi-bin/test.cgi----302
https://www.baidu.com/ccbill/password/cgi-bin/test.cgi----302
https://www.baidu.com/cgi-bin/futureforum3.cgi----302
https://www.baidu.com/users/scripts/submit.cgi----302
https://www.baidu.com/coco.cgi----302
https://www.baidu.com/cgi/logpass.cgi----302
https://www.baidu.com/counter/count.cgi----302
https://www.baidu.com/bin/lasso.cgi----302
https://www.baidu.com/bin/getdoc.cgi----302
https://www.baidu.com/cgi/mailto.cgi----302
https://www.baidu.com/get.cgi----302
https://www.baidu.com/cgi/whois_raw.cgi----302
https://www.baidu.com/bin/cvsweb/cvsweb.cgi----302
https://www.baidu.com/CSNews.cgi----302
https://www.baidu.com/en/easypower/htmlarea/plugins/spellchecker/spell-check-logic.cgi----302
https://www.baidu.com/ccbill/ccbill-local.cgi----302
https://www.baidu.com/cgi/ezshopper2/loadpage.cgi----302
https://www.baidu.com/cgi-bin/ccbill-local.cgi----302
https://www.baidu.com/scripts/enter.cgi----302
https://www.baidu.com/search.cgi----302
https://www.baidu.com/cgi-bin/pfdispaly.cgi----302
https://www.baidu.com/report.cgi----302
https://www.baidu.com/bot/ebs_sub6.cgi----302
https://www.baidu.com/cgi/test.cgi----302
https://www.baidu.com/cgi-bin/addday/cgi-bin/setup.cgi----302
https://www.baidu.com/enter_bug.cgi----302
https://www.baidu.com/environ.cgi----302
https://www.baidu.com/ebs_sub4.cgi----302
https://www.baidu.com/bin/dnewsweb.cgi----302
https://www.baidu.com/5.cgi----302
https://www.baidu.com/news/news.cgi----302
https://www.baidu.com/scripts/robadmin.cgi----302
https://www.baidu.com/cohfmembers/cgi-bin/test.cgi----302
https://www.baidu.com/users.cgi----302
https://www.baidu.com/index.cgi----302
https://www.baidu.com/2.cgi----302
https://www.baidu.com/newspass/cgi-bin/test.cgi----302
https://www.baidu.com/code.cgi----302
https://www.baidu.com/james_060/htmledit/fckeditor/editor/filemanager/connectors/perl/connector.cgi----302
https://www.baidu.com/post.cgi----302
https://www.baidu.com/bin/xrun.cgi----302
https://www.baidu.com/cgi/AT-admin.cgi----302
https://www.baidu.com/cgi-bin/simplestmail.cgi----302
https://www.baidu.com/mypasswds/cgi-bin/test.cgi----302
https://www.baidu.com/cgi-bin/sojourn.cgi----302
https://www.baidu.com/cgi-bin/add-user.cgi----302
https://www.baidu.com/cgi_wwwolf.cgi----302
https://www.baidu.com/bot/history.cgi----302
https://www.baidu.com/cgi/day5datanotifier.cgi----302
https://www.baidu.com/cgi/mailfile.cgi----302
https://www.baidu.com/bin/mailto.cgi----302
https://www.baidu.com/scripts/pass.cgi----302
https://www.baidu.com/mailfile.cgi----302
https://www.baidu.com/hukubiki.cgi----302
https://www.baidu.com/spell-check-logic.cgi----302
https://www.baidu.com/cgi-bin/shopper.cgi----302
https://www.baidu.com/scripts/ax-admin.cgi----302
https://www.baidu.com/%7eadmin.cgi----302
https://www.baidu.com/shortnotizergenerator.cgi----302
